<?xml version="1.0" encoding="UTF-8"?>
<!-- Generated by org.testng.reporters.JUnitXMLReporter -->
<testsuite ignored="0" hostname="DESKTOP-JGU2O17" failures="1" tests="1" name="Test" time="9.851" errors="0" timestamp="2025-05-30T00:13:16 IST">
  <testcase classname="testCases.TC003_Login_DDT" name="loginddt" time="0.0">
    <failure type="org.testng.TestNGException" message="
Method public void testCases.TC003_Login_DDT.loginddt(java.lang.String,java.lang.String,java.lang.String) requires a @DataProvider named : Logindata in class Utilities.Dataprovider">
      <![CDATA[org.testng.TestNGException: 
Method public void testCases.TC003_Login_DDT.loginddt(java.lang.String,java.lang.String,java.lang.String) requires a @DataProvider named : Logindata in class Utilities.Dataprovider
at java.base/java.util.ArrayList.forEach(ArrayList.java:1596)
... Removed 24 stack frames]]>
    </failure>
  </testcase> <!-- loginddt -->
</testsuite> <!-- Test -->
